"Start of log file."
"C:/Users/msasher/DOCUME~1/REMEMB~1/Assets/Assets/PREFAB~1/1-1310~1/CADNAV~1.COM/WWWCAD~1.MAX"
"Starting max loading and fbx conversion"
window = undefined
"Settings units"
"Before fbx export"
"After fbx export"
"Finished max loading and fbx conversion"
"C:/Users/msasher/DOCUME~1/REMEMB~1/Assets/Assets/PREFAB~1/1-1504~1/CADNAV~1.COM/DOORS_~1/CADNAV~2.MAX"
"Starting max loading and fbx conversion"
window = undefined
"Settings units"
"Before fbx export"
"After fbx export"
"Finished max loading and fbx conversion"
"C:/Users/msasher/DOCUME~1/REMEMB~1/Assets/Assets/PREFAB~1/CADNAV~1/CADNAV~1.COM/CADNAV~1.MAX"
"Starting max loading and fbx conversion"
window = undefined
"Settings units"
"Before fbx export"
"After fbx export"
"Finished max loading and fbx conversion"
"C:/Users/msasher/DOCUME~1/REMEMB~1/Assets/Assets/PREFAB~1/1-1504~1/CADNAV~1.COM/DOORS_~1/CADNAV~1.MAX"
"Starting max loading and fbx conversion"
window = undefined
"Settings units"
"Before fbx export"
"After fbx export"
"Finished max loading and fbx conversion"
"C:/Users/msasher/DOCUME~1/REMEMB~1/Assets/Assets/PREFAB~1/1-1406~1/CADNAV~1.COM/CADNAV~1.MAX"
"Starting max loading and fbx conversion"
window = undefined
"Settings units"
"Before fbx export"
"After fbx export"
"Finished max loading and fbx conversion"
"C:/Users/msasher/DOCUME~1/REMEMB~1/Assets/Assets/PREFAB~1/1-1504~2/CADNAV~1.COM/DOOR_B~1/CADNAV~1.MAX"
"Starting max loading and fbx conversion"
window = undefined
"Settings units"
"Before fbx export"
"After fbx export"
"Finished max loading and fbx conversion"
"C:/Users/msasher/DOCUME~1/REMEMB~1/Assets/Assets/CADNAV~1.COM/PLANT_~1/CADNAV~1.MAX"
"Starting max loading and fbx conversion"
window = undefined
"Settings units"
"Before fbx export"
"After fbx export"
"Finished max loading and fbx conversion"
